<?xml version="1.0" encoding="utf-8"?>
<TestRun id="178250cd-3800-4b71-8a25-a83354396a8e" name="admin@XTRA-STATION 2026-04-05 11:57:21" runUser="XTRA-STATION\admin" xmlns="http://microsoft.com/schemas/VisualStudio/TeamTest/2010">
  <Times creation="2026-04-05T11:57:21.2672400+08:00" queuing="2026-04-05T11:57:21.2672402+08:00" start="2026-04-05T11:57:20.8019879+08:00" finish="2026-04-05T11:57:21.2717476+08:00" />
  <TestSettings name="default" id="c839259c-0c04-4661-a121-325c57b2097a">
    <Deployment runDeploymentRoot="admin_XTRA-STATION_2026-04-05_11_57_21" />
  </TestSettings>
  <Results>
    <UnitTestResult executionId="b942f5b9-bcff-4ac1-b844-3edfbe2bc34e" testId="c7158296-0355-653d-4a2d-e06b114d388d" testName="CRM.IntegrationTests.BusinessWorkflowTests.OneSalesOrderItem_CanHaveMultiplePurchaseRequisitions_WithinRemainingQty" computerName="XTRA-STATION" duration="00:00:00.0702498" startTime="2026-04-05T11:57:21.2107226+08:00" endTime="2026-04-05T11:57:21.2107312+08:00" testType="13cdc9d9-ddb5-4fa4-a97d-d965ccfc6d4b" outcome="Failed" testListId="8c84fa94-04c1-424b-9868-57a2d4851a1d" relativeResultsDirectory="b942f5b9-bcff-4ac1-b844-3edfbe2bc34e">
      <Output>
        <ErrorInfo>
          <Message>System.InvalidOperationException : 该销售明细当前不可创建采购申请（剩余可采数量为 0）</Message>
          <StackTrace>   at CRM.Core.Services.PurchaseRequisitionService.CreateAsync(CreatePurchaseRequisitionRequest request) in D:\MyProject\FrontCRM_CSharp\CRM.Core\Services\PurchaseRequisitionService.cs:line 101&#xD;
   at CRM.IntegrationTests.BusinessWorkflowTests.OneSalesOrderItem_CanHaveMultiplePurchaseRequisitions_WithinRemainingQty() in D:\MyProject\FrontCRM_CSharp\tests\CRM.IntegrationTests\BusinessWorkflowTests.cs:line 279&#xD;
--- End of stack trace from previous location ---</StackTrace>
        </ErrorInfo>
      </Output>
    </UnitTestResult>
  </Results>
  <TestDefinitions>
    <UnitTest name="CRM.IntegrationTests.BusinessWorkflowTests.OneSalesOrderItem_CanHaveMultiplePurchaseRequisitions_WithinRemainingQty" storage="d:\myproject\frontcrm_csharp\tests\crm.integrationtests\bin\debug\net9.0\crm.integrationtests.dll" id="c7158296-0355-653d-4a2d-e06b114d388d">
      <Execution id="b942f5b9-bcff-4ac1-b844-3edfbe2bc34e" />
      <TestMethod codeBase="D:\MyProject\FrontCRM_CSharp\tests\CRM.IntegrationTests\bin\Debug\net9.0\CRM.IntegrationTests.dll" adapterTypeName="executor://xunit/VsTestRunner2/netcoreapp" className="CRM.IntegrationTests.BusinessWorkflowTests" name="OneSalesOrderItem_CanHaveMultiplePurchaseRequisitions_WithinRemainingQty" />
    </UnitTest>
  </TestDefinitions>
  <TestEntries>
    <TestEntry testId="c7158296-0355-653d-4a2d-e06b114d388d" executionId="b942f5b9-bcff-4ac1-b844-3edfbe2bc34e" testListId="8c84fa94-04c1-424b-9868-57a2d4851a1d" />
  </TestEntries>
  <TestLists>
    <TestList name="列表中未列出的结果" id="8c84fa94-04c1-424b-9868-57a2d4851a1d" />
    <TestList name="所有已加载的结果" id="19431567-8539-422a-85d7-44ee4e166bda" />
  </TestLists>
  <ResultSummary outcome="Failed">
    <Counters total="1" executed="1" passed="0" failed="1" error="0" timeout="0" aborted="0" inconclusive="0" passedButRunAborted="0" notRunnable="0" notExecuted="0" disconnected="0" warning="0" completed="0" inProgress="0" pending="0" />
    <Output>
      <StdOut>[xUnit.net 00:00:00.00] xUnit.net VSTest Adapter v2.8.2+699d445a1a (64-bit .NET 9.0.11)&#xD;
[xUnit.net 00:00:00.04]   Discovering: CRM.IntegrationTests&#xD;
[xUnit.net 00:00:00.05]   Discovered:  CRM.IntegrationTests&#xD;
[xUnit.net 00:00:00.05]   Starting:    CRM.IntegrationTests&#xD;
[xUnit.net 00:00:00.15]       System.InvalidOperationException : 该销售明细当前不可创建采购申请（剩余可采数量为 0）&#xD;
[xUnit.net 00:00:00.15]       Stack Trace:&#xD;
[xUnit.net 00:00:00.15]         D:\MyProject\FrontCRM_CSharp\CRM.Core\Services\PurchaseRequisitionService.cs(101,0): at CRM.Core.Services.PurchaseRequisitionService.CreateAsync(CreatePurchaseRequisitionRequest request)&#xD;
[xUnit.net 00:00:00.15]         D:\MyProject\FrontCRM_CSharp\tests\CRM.IntegrationTests\BusinessWorkflowTests.cs(279,0): at CRM.IntegrationTests.BusinessWorkflowTests.OneSalesOrderItem_CanHaveMultiplePurchaseRequisitions_WithinRemainingQty()&#xD;
[xUnit.net 00:00:00.15]         --- End of stack trace from previous location ---&#xD;
[xUnit.net 00:00:00.15]   Finished:    CRM.IntegrationTests&#xD;
</StdOut>
    </Output>
    <RunInfos>
      <RunInfo computerName="XTRA-STATION" outcome="Error" timestamp="2026-04-05T11:57:21.2097379+08:00">
        <Text>[xUnit.net 00:00:00.15]     CRM.IntegrationTests.BusinessWorkflowTests.OneSalesOrderItem_CanHaveMultiplePurchaseRequisitions_WithinRemainingQty [FAIL]</Text>
      </RunInfo>
    </RunInfos>
  </ResultSummary>
</TestRun>